    conn:
    proto_major = 7
    proto_minor = 17
    async_read = 1
    max_write = 131072
    max_readahead = 131072
    capable = 0000007b
    want = 00000010
    max_background = 0
    congestion_threshold = 0

mfs_getattr
    path=/
    si:
    st_dev = 0
    st_ino = 0
    st_mode = 00
    st_nlink = 0
    st_uid = 0
    st_gid = 0
    st_rdev = 0
    st_size = 0
    st_blksize = 0
    st_blocks = 0
    st_atime = 0x00000000
    st_mtime = 0x00000000
    st_ctime = 0x00000000

mfs_getattr--lstat()
    res=0    si:
    st_dev = 64512
    st_ino = 2
    st_mode = 040755
    st_nlink = 26
    st_uid = 0
    st_gid = 0
    st_rdev = 0
    st_size = 4096
    st_blksize = 4096
    st_blocks = 8
    st_atime = 0x5443795f
    st_mtime = 0x54095e49
    st_ctime = 0x54095e49

mfs_readdir()
    path=/
    buf=0xfc000b10

mfs_getattr
    path=/s
    si:
    st_dev = 0
    st_ino = 0
    st_mode = 00
    st_nlink = 0
    st_uid = 0
    st_gid = 0
    st_rdev = 0
    st_size = 0
    st_blksize = 0
    st_blocks = 0
    st_atime = 0x00000000
    st_mtime = 0x00000000
    st_ctime = 0x00000000

mfs_getattr--lstat()
    res=-1    si:
    st_dev = 0
    st_ino = 0
    st_mode = 00
    st_nlink = 0
    st_uid = 0
    st_gid = 0
    st_rdev = 0
    st_size = 0
    st_blksize = 0
    st_blocks = 0
    st_atime = 0x00000000
    st_mtime = 0x00000000
    st_ctime = 0x00000000

mfs_create()
    path=/s
    mode=33188
mfs_getattr
    path=/s
    si:
    st_dev = 0
    st_ino = 0
    st_mode = 00
    st_nlink = 0
    st_uid = 0
    st_gid = 0
    st_rdev = 0
    st_size = 0
    st_blksize = 0
    st_blocks = 0
    st_atime = 0x00000000
    st_mtime = 0x00000000
    st_ctime = 0x00000000

mfs_getattr--lstat()
    res=0    si:
    st_dev = 64512
    st_ino = 14725
    st_mode = 0100644
    st_nlink = 1
    st_uid = 0
    st_gid = 0
    st_rdev = 0
    st_size = 0
    st_blksize = 4096
    st_blocks = 0
    st_atime = 0x5443b585
    st_mtime = 0x5443b585
    st_ctime = 0x5443b585

mfs_write()
    path=/s
    buf=0xf964d060
    size=2
    offset=0
    fi:
    flags = 0x00008001
    fh_old = 0x00000005
    writepage = 0
    direct_io = 0
    keep_cache = 0
    fh = 0x0000000000000005
    lock_owner = 0x0000000000000000
-------

post_file()
    respbuf=true
===postfile:res=2784

mfs_getattr
    path=/
    si:
    st_dev = 0
    st_ino = 0
    st_mode = 00
    st_nlink = 0
    st_uid = 0
    st_gid = 0
    st_rdev = 0
    st_size = 0
    st_blksize = 0
    st_blocks = 0
    st_atime = 0x00000000
    st_mtime = 0x00000000
    st_ctime = 0x00000000

mfs_getattr--lstat()
    res=0    si:
    st_dev = 64512
    st_ino = 2
    st_mode = 040755
    st_nlink = 26
    st_uid = 0
    st_gid = 0
    st_rdev = 0
    st_size = 4096
    st_blksize = 4096
    st_blocks = 8
    st_atime = 0x5443795f
    st_mtime = 0x5443b585
    st_ctime = 0x5443b585

mfs_readdir()
    path=/
    buf=0xfc000b10

mfs_getattr
    path=/s
    si:
    st_dev = 0
    st_ino = 0
    st_mode = 00
    st_nlink = 0
    st_uid = 0
    st_gid = 0
    st_rdev = 0
    st_size = 0
    st_blksize = 0
    st_blocks = 0
    st_atime = 0x00000000
    st_mtime = 0x00000000
    st_ctime = 0x00000000

mfs_getattr--lstat()
    res=0    si:
    st_dev = 64512
    st_ino = 14725
    st_mode = 0100644
    st_nlink = 1
    st_uid = 0
    st_gid = 0
    st_rdev = 0
    st_size = 0
    st_blksize = 4096
    st_blocks = 0
    st_atime = 0x5443b585
    st_mtime = 0x5443b585
    st_ctime = 0x5443b585
